<?xml version="1.0"?>
<!DOCTYPE coverage SYSTEM "http://cobertura.sourceforge.net/xml/coverage-04.dtd">

<coverage line-rate="0.512154233025985" branch-rate="0.4260485651214128" lines-covered="611" lines-valid="1193" branches-covered="193" branches-valid="453" complexity="3.1962025316455698" version="2.0.3" timestamp="1426699176308">
	<sources>
		<source>/home/travis/build/pcross616/lf-osc-proxy/src/main/java</source>
		<source>--source</source>
	</sources>
	<packages>
		<package name="com.xley.lfosc" line-rate="0.7156862745098039" branch-rate="0.6" complexity="1.7916666666666667">
			<classes>
				<class name="com.xley.lfosc.ClientProtocolException" filename="com/xley/lfosc/ClientProtocolException.java" line-rate="0.625" branch-rate="1.0" complexity="1.0">
					<methods>
						<method name="&lt;init&gt;" signature="(Ljava/lang/String;Ljava/lang/Object;)V" line-rate="1.0" branch-rate="1.0">
							<lines>
								<line number="29" hits="4" branch="false"/>
								<line number="30" hits="4" branch="false"/>
								<line number="31" hits="4" branch="false"/>
							</lines>
						</method>
						<method name="&lt;init&gt;" signature="(Ljava/lang/String;Ljava/lang/Object;Ljava/lang/Throwable;)V" line-rate="0.25" branch-rate="1.0">
							<lines>
								<line number="26" hits="4" branch="false"/>
								<line number="34" hits="0" branch="false"/>
								<line number="35" hits="0" branch="false"/>
								<line number="36" hits="0" branch="false"/>
							</lines>
						</method>
						<method name="getStatus" signature="()Ljava/lang/Object;" line-rate="1.0" branch-rate="1.0">
							<lines>
								<line number="39" hits="4" branch="false"/>
							</lines>
						</method>
					</methods>
					<lines>
						<line number="26" hits="4" branch="false"/>
						<line number="29" hits="4" branch="false"/>
						<line number="30" hits="4" branch="false"/>
						<line number="31" hits="4" branch="false"/>
						<line number="34" hits="0" branch="false"/>
						<line number="35" hits="0" branch="false"/>
						<line number="36" hits="0" branch="false"/>
						<line number="39" hits="4" branch="false"/>
					</lines>
				</class>
				<class name="com.xley.lfosc.IProtocol" filename="com/xley/lfosc/IProtocol.java" line-rate="1.0" branch-rate="1.0" complexity="1.0">
					<methods>
					</methods>
					<lines>
					</lines>
				</class>
				<class name="com.xley.lfosc.IProtocolData" filename="com/xley/lfosc/IProtocolData.java" line-rate="1.0" branch-rate="1.0" complexity="1.0">
					<methods>
					</methods>
					<lines>
					</lines>
				</class>
				<class name="com.xley.lfosc.OSCProxy" filename="com/xley/lfosc/OSCProxy.java" line-rate="0.6666666666666666" branch-rate="0.5833333333333334" complexity="5.0">
					<methods>
						<method name="&lt;clinit&gt;" signature="()V" line-rate="1.0" branch-rate="1.0">
							<lines>
								<line number="44" hits="2" branch="false"/>
							</lines>
						</method>
						<method name="&lt;init&gt;" signature="()V" line-rate="1.0" branch-rate="1.0">
							<lines>
							</lines>
						</method>
						<method name="access$000" signature="(Lcom/xley/lfosc/OSCProxy;)Lcom/xley/lfosc/impl/ProxyDaemon;" line-rate="1.0" branch-rate="1.0">
							<lines>
								<line number="39" hits="62" branch="false"/>
							</lines>
						</method>
						<method name="execute" signature="([Ljava/lang/String;)I" line-rate="0.6875" branch-rate="0.5833333333333334">
							<lines>
								<line number="69" hits="32" branch="false"/>
								<line number="100" hits="32" branch="false"/>
								<line number="101" hits="32" branch="false"/>
								<line number="103" hits="32" branch="false"/>
								<line number="104" hits="0" branch="false"/>
								<line number="105" hits="0" branch="false"/>
								<line number="106" hits="32" branch="false"/>
								<line number="107" hits="32" branch="true" condition-coverage="50% (1/2)">
									<conditions>
										<condition number="0" type="jump" coverage="50%"/>
									</conditions>
								</line>
								<line number="110" hits="32" branch="true" condition-coverage="75% (3/4)">
									<conditions>
										<condition number="0" type="jump" coverage="50%"/>
										<condition number="1" type="jump" coverage="100%"/>
									</conditions>
								</line>
								<line number="112" hits="2" branch="false"/>
								<line number="114" hits="2" branch="false"/>
								<line number="115" hits="0" branch="false"/>
								<line number="116" hits="0" branch="false"/>
								<line number="117" hits="2" branch="false"/>
								<line number="118" hits="2" branch="true" condition-coverage="50% (1/2)">
									<conditions>
										<condition number="0" type="jump" coverage="50%"/>
									</conditions>
								</line>
								<line number="121" hits="30" branch="false"/>
								<line number="122" hits="30" branch="false"/>
								<line number="124" hits="30" branch="true" condition-coverage="50% (1/2)">
									<conditions>
										<condition number="0" type="jump" coverage="50%"/>
									</conditions>
								</line>
								<line number="125" hits="30" branch="false"/>
								<line number="128" hits="30" branch="true" condition-coverage="50% (1/2)">
									<conditions>
										<condition number="0" type="jump" coverage="50%"/>
									</conditions>
								</line>
								<line number="129" hits="0" branch="false"/>
								<line number="131" hits="0" branch="false"/>
								<line number="132" hits="0" branch="false"/>
								<line number="135" hits="0" branch="false"/>
								<line number="136" hits="0" branch="false"/>
								<line number="138" hits="0" branch="false"/>
								<line number="142" hits="30" branch="false"/>
								<line number="144" hits="30" branch="false"/>
								<line number="151" hits="30" branch="false"/>
								<line number="152" hits="30" branch="false"/>
								<line number="153" hits="30" branch="false"/>
								<line number="155" hits="30" branch="false"/>
							</lines>
						</method>
						<method name="main" signature="([Ljava/lang/String;)V" line-rate="0.0" branch-rate="1.0">
							<lines>
								<line number="59" hits="0" branch="false"/>
								<line number="60" hits="0" branch="false"/>
							</lines>
						</method>
					</methods>
					<lines>
						<line number="39" hits="62" branch="false"/>
						<line number="44" hits="2" branch="false"/>
						<line number="59" hits="0" branch="false"/>
						<line number="60" hits="0" branch="false"/>
						<line number="69" hits="32" branch="false"/>
						<line number="100" hits="32" branch="false"/>
						<line number="101" hits="32" branch="false"/>
						<line number="103" hits="32" branch="false"/>
						<line number="104" hits="0" branch="false"/>
						<line number="105" hits="0" branch="false"/>
						<line number="106" hits="32" branch="false"/>
						<line number="107" hits="32" branch="true" condition-coverage="50% (1/2)">
							<conditions>
								<condition number="0" type="jump" coverage="50%"/>
							</conditions>
						</line>
						<line number="110" hits="32" branch="true" condition-coverage="75% (3/4)">
							<conditions>
								<condition number="0" type="jump" coverage="50%"/>
								<condition number="1" type="jump" coverage="100%"/>
							</conditions>
						</line>
						<line number="112" hits="2" branch="false"/>
						<line number="114" hits="2" branch="false"/>
						<line number="115" hits="0" branch="false"/>
						<line number="116" hits="0" branch="false"/>
						<line number="117" hits="2" branch="false"/>
						<line number="118" hits="2" branch="true" condition-coverage="50% (1/2)">
							<conditions>
								<condition number="0" type="jump" coverage="50%"/>
							</conditions>
						</line>
						<line number="121" hits="30" branch="false"/>
						<line number="122" hits="30" branch="false"/>
						<line number="124" hits="30" branch="true" condition-coverage="50% (1/2)">
							<conditions>
								<condition number="0" type="jump" coverage="50%"/>
							</conditions>
						</line>
						<line number="125" hits="30" branch="false"/>
						<line number="128" hits="30" branch="true" condition-coverage="50% (1/2)">
							<conditions>
								<condition number="0" type="jump" coverage="50%"/>
							</conditions>
						</line>
						<line number="129" hits="0" branch="false"/>
						<line number="131" hits="0" branch="false"/>
						<line number="132" hits="0" branch="false"/>
						<line number="135" hits="0" branch="false"/>
						<line number="136" hits="0" branch="false"/>
						<line number="138" hits="0" branch="false"/>
						<line number="142" hits="30" branch="false"/>
						<line number="144" hits="30" branch="false"/>
						<line number="151" hits="30" branch="false"/>
						<line number="152" hits="30" branch="false"/>
						<line number="153" hits="30" branch="false"/>
						<line number="155" hits="30" branch="false"/>
					</lines>
				</class>
				<class name="com.xley.lfosc.OSCProxy$1" filename="com/xley/lfosc/OSCProxy.java" line-rate="1.0" branch-rate="1.0" complexity="5.0">
					<methods>
						<method name="&lt;init&gt;" signature="(Lcom/xley/lfosc/OSCProxy;)V" line-rate="1.0" branch-rate="1.0">
							<lines>
								<line number="69" hits="32" branch="false"/>
								<line number="71" hits="32" branch="false"/>
								<line number="74" hits="32" branch="false"/>
								<line number="77" hits="32" branch="false"/>
								<line number="80" hits="32" branch="false"/>
								<line number="82" hits="32" branch="false"/>
								<line number="85" hits="32" branch="false"/>
								<line number="87" hits="32" branch="false"/>
								<line number="90" hits="32" branch="false"/>
								<line number="93" hits="32" branch="false"/>
								<line number="95" hits="32" branch="false"/>
								<line number="97" hits="32" branch="false"/>
							</lines>
						</method>
					</methods>
					<lines>
						<line number="69" hits="32" branch="false"/>
						<line number="71" hits="32" branch="false"/>
						<line number="74" hits="32" branch="false"/>
						<line number="77" hits="32" branch="false"/>
						<line number="80" hits="32" branch="false"/>
						<line number="82" hits="32" branch="false"/>
						<line number="85" hits="32" branch="false"/>
						<line number="87" hits="32" branch="false"/>
						<line number="90" hits="32" branch="false"/>
						<line number="93" hits="32" branch="false"/>
						<line number="95" hits="32" branch="false"/>
						<line number="97" hits="32" branch="false"/>
					</lines>
				</class>
				<class name="com.xley.lfosc.OSCProxy$2" filename="com/xley/lfosc/OSCProxy.java" line-rate="1.0" branch-rate="1.0" complexity="5.0">
					<methods>
						<method name="&lt;init&gt;" signature="(Lcom/xley/lfosc/OSCProxy;Ljava/lang/String;)V" line-rate="1.0" branch-rate="1.0">
							<lines>
								<line number="144" hits="30" branch="false"/>
							</lines>
						</method>
						<method name="run" signature="()V" line-rate="1.0" branch-rate="1.0">
							<lines>
								<line number="146" hits="30" branch="false"/>
								<line number="147" hits="30" branch="false"/>
								<line number="148" hits="30" branch="false"/>
							</lines>
						</method>
					</methods>
					<lines>
						<line number="144" hits="30" branch="false"/>
						<line number="146" hits="30" branch="false"/>
						<line number="147" hits="30" branch="false"/>
						<line number="148" hits="30" branch="false"/>
					</lines>
				</class>
				<class name="com.xley.lfosc.ProtocolException" filename="com/xley/lfosc/ProtocolException.java" line-rate="0.5" branch-rate="1.0" complexity="1.0">
					<methods>
						<method name="&lt;init&gt;" signature="(Ljava/lang/String;)V" line-rate="1.0" branch-rate="1.0">
							<lines>
								<line number="29" hits="10" branch="false"/>
								<line number="30" hits="10" branch="false"/>
							</lines>
						</method>
						<method name="&lt;init&gt;" signature="(Ljava/lang/String;Ljava/lang/Throwable;)V" line-rate="0.0" branch-rate="1.0">
							<lines>
								<line number="33" hits="0" branch="false"/>
								<line number="34" hits="0" branch="false"/>
							</lines>
						</method>
					</methods>
					<lines>
						<line number="29" hits="10" branch="false"/>
						<line number="30" hits="10" branch="false"/>
						<line number="33" hits="0" branch="false"/>
						<line number="34" hits="0" branch="false"/>
					</lines>
				</class>
				<class name="com.xley.lfosc.ProtocolManager" filename="com/xley/lfosc/ProtocolManager.java" line-rate="0.6666666666666666" branch-rate="0.625" complexity="2.75">
					<methods>
						<method name="&lt;clinit&gt;" signature="()V" line-rate="0.7894736842105263" branch-rate="1.0">
							<lines>
								<line number="36" hits="2" branch="false"/>
								<line number="40" hits="2" branch="false"/>
								<line number="41" hits="2" branch="false"/>
								<line number="44" hits="2" branch="false"/>
								<line number="46" hits="2" branch="false"/>
								<line number="49" hits="2" branch="false"/>
								<line number="50" hits="2" branch="false"/>
								<line number="53" hits="10" branch="false"/>
								<line number="54" hits="8" branch="false"/>
								<line number="55" hits="8" branch="false"/>
								<line number="57" hits="8" branch="false"/>
								<line number="58" hits="0" branch="false"/>
								<line number="59" hits="0" branch="false"/>
								<line number="61" hits="2" branch="false"/>
								<line number="63" hits="2" branch="false"/>
								<line number="64" hits="0" branch="false"/>
								<line number="65" hits="0" branch="false"/>
								<line number="66" hits="2" branch="false"/>
								<line number="71" hits="2" branch="false"/>
							</lines>
						</method>
						<method name="&lt;init&gt;" signature="()V" line-rate="0.0" branch-rate="1.0">
							<lines>
								<line number="31" hits="0" branch="false"/>
							</lines>
						</method>
						<method name="addProtocol" signature="(Ljava/lang/String;Lcom/xley/lfosc/IProtocol;)V" line-rate="0.0" branch-rate="1.0">
							<lines>
								<line number="97" hits="0" branch="false"/>
								<line number="98" hits="0" branch="false"/>
							</lines>
						</method>
						<method name="executeCommand" signature="(Ljava/lang/String;Ljava/lang/String;[Ljava/lang/String;)I" line-rate="0.0" branch-rate="0.0">
							<lines>
								<line number="101" hits="0" branch="false"/>
								<line number="102" hits="0" branch="true" condition-coverage="0% (0/2)">
									<conditions>
										<condition number="0" type="jump" coverage="0%"/>
									</conditions>
								</line>
								<line number="103" hits="0" branch="false"/>
								<line number="105" hits="0" branch="false"/>
							</lines>
						</method>
						<method name="getProtocol" signature="(Ljava/lang/String;)Lcom/xley/lfosc/IProtocol;" line-rate="0.6666666666666666" branch-rate="0.5">
							<lines>
								<line number="74" hits="56" branch="true" condition-coverage="50% (1/2)">
									<conditions>
										<condition number="0" type="jump" coverage="50%"/>
									</conditions>
								</line>
								<line number="75" hits="0" branch="false"/>
								<line number="77" hits="56" branch="false"/>
							</lines>
						</method>
						<method name="resolve" signature="(Ljava/lang/Object;)Lcom/xley/lfosc/IProtocolData;" line-rate="1.0" branch-rate="1.0">
							<lines>
								<line number="81" hits="14" branch="true" condition-coverage="100% (2/2)">
									<conditions>
										<condition number="0" type="jump" coverage="100%"/>
									</conditions>
								</line>
								<line number="82" hits="52" branch="false"/>
								<line number="83" hits="52" branch="true" condition-coverage="100% (2/2)">
									<conditions>
										<condition number="0" type="jump" coverage="100%"/>
									</conditions>
								</line>
								<line number="84" hits="12" branch="false"/>
								<line number="90" hits="12" branch="false"/>
								<line number="92" hits="40" branch="false"/>
								<line number="93" hits="2" branch="false"/>
							</lines>
						</method>
					</methods>
					<lines>
						<line number="31" hits="0" branch="false"/>
						<line number="36" hits="2" branch="false"/>
						<line number="40" hits="2" branch="false"/>
						<line number="41" hits="2" branch="false"/>
						<line number="44" hits="2" branch="false"/>
						<line number="46" hits="2" branch="false"/>
						<line number="49" hits="2" branch="false"/>
						<line number="50" hits="2" branch="false"/>
						<line number="53" hits="10" branch="false"/>
						<line number="54" hits="8" branch="false"/>
						<line number="55" hits="8" branch="false"/>
						<line number="57" hits="8" branch="false"/>
						<line number="58" hits="0" branch="false"/>
						<line number="59" hits="0" branch="false"/>
						<line number="61" hits="2" branch="false"/>
						<line number="63" hits="2" branch="false"/>
						<line number="64" hits="0" branch="false"/>
						<line number="65" hits="0" branch="false"/>
						<line number="66" hits="2" branch="false"/>
						<line number="71" hits="2" branch="false"/>
						<line number="74" hits="56" branch="true" condition-coverage="50% (1/2)">
							<conditions>
								<condition number="0" type="jump" coverage="50%"/>
							</conditions>
						</line>
						<line number="75" hits="0" branch="false"/>
						<line number="77" hits="56" branch="false"/>
						<line number="81" hits="14" branch="true" condition-coverage="100% (2/2)">
							<conditions>
								<condition number="0" type="jump" coverage="100%"/>
							</conditions>
						</line>
						<line number="82" hits="52" branch="false"/>
						<line number="83" hits="52" branch="true" condition-coverage="100% (2/2)">
							<conditions>
								<condition number="0" type="jump" coverage="100%"/>
							</conditions>
						</line>
						<line number="84" hits="12" branch="false"/>
						<line number="90" hits="12" branch="false"/>
						<line number="92" hits="40" branch="false"/>
						<line number="93" hits="2" branch="false"/>
						<line number="97" hits="0" branch="false"/>
						<line number="98" hits="0" branch="false"/>
						<line number="101" hits="0" branch="false"/>
						<line number="102" hits="0" branch="true" condition-coverage="0% (0/2)">
							<conditions>
								<condition number="0" type="jump" coverage="0%"/>
							</conditions>
						</line>
						<line number="103" hits="0" branch="false"/>
						<line number="105" hits="0" branch="false"/>
					</lines>
				</class>
				<class name="com.xley.lfosc.UnknownProtocolException" filename="com/xley/lfosc/UnknownProtocolException.java" line-rate="1.0" branch-rate="1.0" complexity="1.0">
					<methods>
						<method name="&lt;init&gt;" signature="(Ljava/lang/String;)V" line-rate="1.0" branch-rate="1.0">
							<lines>
								<line number="26" hits="2" branch="false"/>
								<line number="27" hits="2" branch="false"/>
							</lines>
						</method>
					</methods>
					<lines>
						<line number="26" hits="2" branch="false"/>
						<line number="27" hits="2" branch="false"/>
					</lines>
				</class>
			</classes>
		</package>
		<package name="com.xley.lfosc.http" line-rate="0.6363636363636364" branch-rate="0.5833333333333334" complexity="4.666666666666667">
			<classes>
				<class name="com.xley.lfosc.http.HttpProtocol" filename="com/xley/lfosc/http/HttpProtocol.java" line-rate="0.6363636363636364" branch-rate="0.5833333333333334" complexity="4.666666666666667">
					<methods>
						<method name="&lt;clinit&gt;" signature="()V" line-rate="1.0" branch-rate="1.0">
							<lines>
								<line number="41" hits="2" branch="false"/>
							</lines>
						</method>
						<method name="&lt;init&gt;" signature="()V" line-rate="1.0" branch-rate="1.0">
							<lines>
								<line number="35" hits="2" branch="false"/>
							</lines>
						</method>
						<method name="configureProtocolData" signature="(Lcom/xley/lfosc/IProtocolData;)Lcom/xley/lfosc/IProtocolData;" line-rate="0.0" branch-rate="1.0">
							<lines>
								<line number="98" hits="0" branch="false"/>
							</lines>
						</method>
						<method name="createProtocolData" signature="(Ljava/lang/Object;)Lcom/xley/lfosc/IProtocolData;" line-rate="0.75" branch-rate="0.7">
							<lines>
								<line number="67" hits="20" branch="true" condition-coverage="75% (3/4)">
									<conditions>
										<condition number="0" type="jump" coverage="50%"/>
										<condition number="1" type="jump" coverage="100%"/>
									</conditions>
								</line>
								<line number="68" hits="4" branch="false"/>
								<line number="71" hits="16" branch="false"/>
								<line number="74" hits="16" branch="true" condition-coverage="100% (2/2)">
									<conditions>
										<condition number="0" type="jump" coverage="100%"/>
									</conditions>
								</line>
								<line number="75" hits="10" branch="false"/>
								<line number="79" hits="6" branch="true" condition-coverage="50% (1/2)">
									<conditions>
										<condition number="0" type="jump" coverage="50%"/>
									</conditions>
								</line>
								<line number="80" hits="0" branch="false"/>
								<line number="82" hits="6" branch="false"/>
								<line number="83" hits="6" branch="true" condition-coverage="50% (1/2)">
									<conditions>
										<condition number="0" type="jump" coverage="50%"/>
									</conditions>
								</line>
								<line number="85" hits="6" branch="false"/>
								<line number="86" hits="6" branch="false"/>
								<line number="87" hits="6" branch="false"/>
								<line number="88" hits="6" branch="false"/>
								<line number="89" hits="0" branch="false"/>
								<line number="90" hits="0" branch="false"/>
								<line number="93" hits="0" branch="false"/>
							</lines>
						</method>
						<method name="process" signature="(Lcom/xley/lfosc/IProtocolData;)Ljava/lang/Object;" line-rate="0.0" branch-rate="0.0">
							<lines>
								<line number="59" hits="0" branch="true" condition-coverage="0% (0/2)">
									<conditions>
										<condition number="0" type="jump" coverage="0%"/>
									</conditions>
								</line>
								<line number="60" hits="0" branch="false"/>
								<line number="62" hits="0" branch="false"/>
							</lines>
						</method>
					</methods>
					<lines>
						<line number="35" hits="2" branch="false"/>
						<line number="41" hits="2" branch="false"/>
						<line number="59" hits="0" branch="true" condition-coverage="0% (0/2)">
							<conditions>
								<condition number="0" type="jump" coverage="0%"/>
							</conditions>
						</line>
						<line number="60" hits="0" branch="false"/>
						<line number="62" hits="0" branch="false"/>
						<line number="67" hits="20" branch="true" condition-coverage="75% (3/4)">
							<conditions>
								<condition number="0" type="jump" coverage="50%"/>
								<condition number="1" type="jump" coverage="100%"/>
							</conditions>
						</line>
						<line number="68" hits="4" branch="false"/>
						<line number="71" hits="16" branch="false"/>
						<line number="74" hits="16" branch="true" condition-coverage="100% (2/2)">
							<conditions>
								<condition number="0" type="jump" coverage="100%"/>
							</conditions>
						</line>
						<line number="75" hits="10" branch="false"/>
						<line number="79" hits="6" branch="true" condition-coverage="50% (1/2)">
							<conditions>
								<condition number="0" type="jump" coverage="50%"/>
							</conditions>
						</line>
						<line number="80" hits="0" branch="false"/>
						<line number="82" hits="6" branch="false"/>
						<line number="83" hits="6" branch="true" condition-coverage="50% (1/2)">
							<conditions>
								<condition number="0" type="jump" coverage="50%"/>
							</conditions>
						</line>
						<line number="85" hits="6" branch="false"/>
						<line number="86" hits="6" branch="false"/>
						<line number="87" hits="6" branch="false"/>
						<line number="88" hits="6" branch="false"/>
						<line number="89" hits="0" branch="false"/>
						<line number="90" hits="0" branch="false"/>
						<line number="93" hits="0" branch="false"/>
						<line number="98" hits="0" branch="false"/>
					</lines>
				</class>
			</classes>
		</package>
		<package name="com.xley.lfosc.http.client" line-rate="0.8" branch-rate="0.5666666666666667" complexity="3.7142857142857144">
			<classes>
				<class name="com.xley.lfosc.http.client.HttpClient" filename="com/xley/lfosc/http/client/HttpClient.java" line-rate="0.8" branch-rate="0.5" complexity="8.5">
					<methods>
						<method name="&lt;init&gt;" signature="()V" line-rate="0.0" branch-rate="1.0">
							<lines>
								<line number="41" hits="0" branch="false"/>
							</lines>
						</method>
						<method name="send" signature="(Lio/netty/channel/EventLoopGroup;Ljava/lang/String;)Ljava/lang/Object;" line-rate="0.8064516129032258" branch-rate="0.5">
							<lines>
								<line number="68" hits="8" branch="false"/>
								<line number="69" hits="8" branch="false"/>
								<line number="70" hits="8" branch="true" condition-coverage="50% (1/2)">
									<conditions>
										<condition number="0" type="jump" coverage="50%"/>
									</conditions>
								</line>
								<line number="71" hits="8" branch="true" condition-coverage="50% (1/2)">
									<conditions>
										<condition number="0" type="jump" coverage="50%"/>
									</conditions>
								</line>
								<line number="72" hits="8" branch="false"/>
								<line number="73" hits="8" branch="true" condition-coverage="50% (1/2)">
									<conditions>
										<condition number="0" type="jump" coverage="50%"/>
									</conditions>
								</line>
								<line number="74" hits="0" branch="true" condition-coverage="0% (0/2)">
									<conditions>
										<condition number="0" type="jump" coverage="0%"/>
									</conditions>
								</line>
								<line number="75" hits="0" branch="false"/>
								<line number="76" hits="0" branch="true" condition-coverage="0% (0/2)">
									<conditions>
										<condition number="0" type="jump" coverage="0%"/>
									</conditions>
								</line>
								<line number="77" hits="0" branch="false"/>
								<line number="81" hits="8" branch="true" condition-coverage="75% (3/4)">
									<conditions>
										<condition number="0" type="jump" coverage="100%"/>
										<condition number="1" type="jump" coverage="50%"/>
									</conditions>
								</line>
								<line number="83" hits="2" branch="false"/>
								<line number="88" hits="6" branch="false"/>
								<line number="90" hits="6" branch="true" condition-coverage="50% (1/2)">
									<conditions>
										<condition number="0" type="jump" coverage="50%"/>
									</conditions>
								</line>
								<line number="91" hits="0" branch="false"/>
								<line number="93" hits="6" branch="false"/>
								<line number="97" hits="6" branch="false"/>
								<line number="98" hits="6" branch="false"/>
								<line number="103" hits="6" branch="false"/>
								<line number="106" hits="6" branch="false"/>
								<line number="108" hits="6" branch="false"/>
								<line number="109" hits="6" branch="false"/>
								<line number="110" hits="6" branch="false"/>
								<line number="113" hits="6" branch="false"/>
								<line number="116" hits="6" branch="false"/>
								<line number="117" hits="6" branch="false"/>
								<line number="118" hits="6" branch="true" condition-coverage="75% (3/4)">
									<conditions>
										<condition number="0" type="jump" coverage="50%"/>
										<condition number="1" type="jump" coverage="100%"/>
									</conditions>
								</line>
								<line number="119" hits="2" branch="true" condition-coverage="50% (1/2)">
									<conditions>
										<condition number="0" type="jump" coverage="50%"/>
									</conditions>
								</line>
								<line number="120" hits="0" branch="false"/>
								<line number="123" hits="2" branch="false"/>
								<line number="127" hits="4" branch="false"/>
							</lines>
						</method>
						<method name="send" signature="(Ljava/lang/String;)Ljava/lang/Object;" line-rate="1.0" branch-rate="1.0">
							<lines>
								<line number="51" hits="8" branch="false"/>
								<line number="53" hits="8" branch="false"/>
								<line number="55" hits="4" branch="false"/>
							</lines>
						</method>
					</methods>
					<lines>
						<line number="41" hits="0" branch="false"/>
						<line number="51" hits="8" branch="false"/>
						<line number="53" hits="8" branch="false"/>
						<line number="55" hits="4" branch="false"/>
						<line number="68" hits="8" branch="false"/>
						<line number="69" hits="8" branch="false"/>
						<line number="70" hits="8" branch="true" condition-coverage="50% (1/2)">
							<conditions>
								<condition number="0" type="jump" coverage="50%"/>
							</conditions>
						</line>
						<line number="71" hits="8" branch="true" condition-coverage="50% (1/2)">
							<conditions>
								<condition number="0" type="jump" coverage="50%"/>
							</conditions>
						</line>
						<line number="72" hits="8" branch="false"/>
						<line number="73" hits="8" branch="true" condition-coverage="50% (1/2)">
							<conditions>
								<condition number="0" type="jump" coverage="50%"/>
							</conditions>
						</line>
						<line number="74" hits="0" branch="true" condition-coverage="0% (0/2)">
							<conditions>
								<condition number="0" type="jump" coverage="0%"/>
							</conditions>
						</line>
						<line number="75" hits="0" branch="false"/>
						<line number="76" hits="0" branch="true" condition-coverage="0% (0/2)">
							<conditions>
								<condition number="0" type="jump" coverage="0%"/>
							</conditions>
						</line>
						<line number="77" hits="0" branch="false"/>
						<line number="81" hits="8" branch="true" condition-coverage="75% (3/4)">
							<conditions>
								<condition number="0" type="jump" coverage="100%"/>
								<condition number="1" type="jump" coverage="50%"/>
							</conditions>
						</line>
						<line number="83" hits="2" branch="false"/>
						<line number="88" hits="6" branch="false"/>
						<line number="90" hits="6" branch="true" condition-coverage="50% (1/2)">
							<conditions>
								<condition number="0" type="jump" coverage="50%"/>
							</conditions>
						</line>
						<line number="91" hits="0" branch="false"/>
						<line number="93" hits="6" branch="false"/>
						<line number="97" hits="6" branch="false"/>
						<line number="98" hits="6" branch="false"/>
						<line number="103" hits="6" branch="false"/>
						<line number="106" hits="6" branch="false"/>
						<line number="108" hits="6" branch="false"/>
						<line number="109" hits="6" branch="false"/>
						<line number="110" hits="6" branch="false"/>
						<line number="113" hits="6" branch="false"/>
						<line number="116" hits="6" branch="false"/>
						<line number="117" hits="6" branch="false"/>
						<line number="118" hits="6" branch="true" condition-coverage="75% (3/4)">
							<conditions>
								<condition number="0" type="jump" coverage="50%"/>
								<condition number="1" type="jump" coverage="100%"/>
							</conditions>
						</line>
						<line number="119" hits="2" branch="true" condition-coverage="50% (1/2)">
							<conditions>
								<condition number="0" type="jump" coverage="50%"/>
							</conditions>
						</line>
						<line number="120" hits="0" branch="false"/>
						<line number="123" hits="2" branch="false"/>
						<line number="127" hits="4" branch="false"/>
					</lines>
				</class>
				<class name="com.xley.lfosc.http.client.HttpClientHandler" filename="com/xley/lfosc/http/client/HttpClientHandler.java" line-rate="0.7222222222222222" branch-rate="0.8333333333333334" complexity="2.0">
					<methods>
						<method name="&lt;init&gt;" signature="(Lcom/xley/lfosc/impl/ResultData;)V" line-rate="1.0" branch-rate="1.0">
							<lines>
								<line number="40" hits="6" branch="false"/>
								<line number="41" hits="6" branch="false"/>
								<line number="42" hits="6" branch="false"/>
							</lines>
						</method>
						<method name="channelRead0" signature="(Lio/netty/channel/ChannelHandlerContext;Lio/netty/handler/codec/http/HttpObject;)V" line-rate="1.0" branch-rate="0.8333333333333334">
							<lines>
								<line number="46" hits="12" branch="true" condition-coverage="100% (2/2)">
									<conditions>
										<condition number="0" type="jump" coverage="100%"/>
									</conditions>
								</line>
								<line number="47" hits="6" branch="false"/>
								<line number="48" hits="6" branch="false"/>
								<line number="50" hits="12" branch="true" condition-coverage="100% (2/2)">
									<conditions>
										<condition number="0" type="jump" coverage="100%"/>
									</conditions>
								</line>
								<line number="51" hits="6" branch="false"/>
								<line number="52" hits="6" branch="false"/>
								<line number="53" hits="6" branch="true" condition-coverage="50% (1/2)">
									<conditions>
										<condition number="0" type="jump" coverage="50%"/>
									</conditions>
								</line>
								<line number="54" hits="6" branch="false"/>
								<line number="57" hits="12" branch="false"/>
							</lines>
						</method>
						<method name="channelRead0" signature="(Lio/netty/channel/ChannelHandlerContext;Ljava/lang/Object;)V" line-rate="1.0" branch-rate="1.0">
							<lines>
								<line number="35" hits="12" branch="false"/>
							</lines>
						</method>
						<method name="exceptionCaught" signature="(Lio/netty/channel/ChannelHandlerContext;Ljava/lang/Throwable;)V" line-rate="0.0" branch-rate="1.0">
							<lines>
								<line number="61" hits="0" branch="false"/>
								<line number="62" hits="0" branch="false"/>
								<line number="63" hits="0" branch="false"/>
								<line number="64" hits="0" branch="false"/>
								<line number="65" hits="0" branch="false"/>
							</lines>
						</method>
					</methods>
					<lines>
						<line number="35" hits="12" branch="false"/>
						<line number="40" hits="6" branch="false"/>
						<line number="41" hits="6" branch="false"/>
						<line number="42" hits="6" branch="false"/>
						<line number="46" hits="12" branch="true" condition-coverage="100% (2/2)">
							<conditions>
								<condition number="0" type="jump" coverage="100%"/>
							</conditions>
						</line>
						<line number="47" hits="6" branch="false"/>
						<line number="48" hits="6" branch="false"/>
						<line number="50" hits="12" branch="true" condition-coverage="100% (2/2)">
							<conditions>
								<condition number="0" type="jump" coverage="100%"/>
							</conditions>
						</line>
						<line number="51" hits="6" branch="false"/>
						<line number="52" hits="6" branch="false"/>
						<line number="53" hits="6" branch="true" condition-coverage="50% (1/2)">
							<conditions>
								<condition number="0" type="jump" coverage="50%"/>
							</conditions>
						</line>
						<line number="54" hits="6" branch="false"/>
						<line number="57" hits="12" branch="false"/>
						<line number="61" hits="0" branch="false"/>
						<line number="62" hits="0" branch="false"/>
						<line number="63" hits="0" branch="false"/>
						<line number="64" hits="0" branch="false"/>
						<line number="65" hits="0" branch="false"/>
					</lines>
				</class>
				<class name="com.xley.lfosc.http.client.HttpClientInitializer" filename="com/xley/lfosc/http/client/HttpClientInitializer.java" line-rate="0.9166666666666666" branch-rate="0.5" complexity="1.5">
					<methods>
						<method name="&lt;init&gt;" signature="(Lio/netty/handler/ssl/SslContext;Lcom/xley/lfosc/impl/ResultData;)V" line-rate="1.0" branch-rate="1.0">
							<lines>
								<line number="37" hits="6" branch="false"/>
								<line number="38" hits="6" branch="false"/>
								<line number="39" hits="6" branch="false"/>
								<line number="40" hits="6" branch="false"/>
							</lines>
						</method>
						<method name="initChannel" signature="(Lio/netty/channel/Channel;)V" line-rate="1.0" branch-rate="1.0">
							<lines>
								<line number="32" hits="6" branch="false"/>
							</lines>
						</method>
						<method name="initChannel" signature="(Lio/netty/channel/socket/SocketChannel;)V" line-rate="0.8571428571428571" branch-rate="0.5">
							<lines>
								<line number="44" hits="6" branch="false"/>
								<line number="47" hits="6" branch="true" condition-coverage="50% (1/2)">
									<conditions>
										<condition number="0" type="jump" coverage="50%"/>
									</conditions>
								</line>
								<line number="48" hits="0" branch="false"/>
								<line number="51" hits="6" branch="false"/>
								<line number="54" hits="6" branch="false"/>
								<line number="59" hits="6" branch="false"/>
								<line number="60" hits="6" branch="false"/>
							</lines>
						</method>
					</methods>
					<lines>
						<line number="32" hits="6" branch="false"/>
						<line number="37" hits="6" branch="false"/>
						<line number="38" hits="6" branch="false"/>
						<line number="39" hits="6" branch="false"/>
						<line number="40" hits="6" branch="false"/>
						<line number="44" hits="6" branch="false"/>
						<line number="47" hits="6" branch="true" condition-coverage="50% (1/2)">
							<conditions>
								<condition number="0" type="jump" coverage="50%"/>
							</conditions>
						</line>
						<line number="48" hits="0" branch="false"/>
						<line number="51" hits="6" branch="false"/>
						<line number="54" hits="6" branch="false"/>
						<line number="59" hits="6" branch="false"/>
						<line number="60" hits="6" branch="false"/>
					</lines>
				</class>
			</classes>
		</package>
		<package name="com.xley.lfosc.http.server" line-rate="0.6385542168674698" branch-rate="0.6538461538461539" complexity="4.166666666666667">
			<classes>
				<class name="com.xley.lfosc.http.server.HttpChannelInitializer" filename="com/xley/lfosc/http/server/HttpChannelInitializer.java" line-rate="1.0" branch-rate="1.0" complexity="1.0">
					<methods>
						<method name="&lt;init&gt;" signature="()V" line-rate="1.0" branch-rate="1.0">
							<lines>
							</lines>
						</method>
						<method name="initChannel" signature="(Lio/netty/channel/Channel;)V" line-rate="1.0" branch-rate="1.0">
							<lines>
								<line number="29" hits="24" branch="false"/>
							</lines>
						</method>
						<method name="initChannel" signature="(Lio/netty/channel/socket/SocketChannel;)V" line-rate="1.0" branch-rate="1.0">
							<lines>
								<line number="32" hits="6" branch="false"/>
								<line number="33" hits="6" branch="false"/>
								<line number="34" hits="6" branch="false"/>
								<line number="35" hits="6" branch="false"/>
							</lines>
						</method>
					</methods>
					<lines>
						<line number="29" hits="24" branch="false"/>
						<line number="32" hits="6" branch="false"/>
						<line number="33" hits="6" branch="false"/>
						<line number="34" hits="6" branch="false"/>
						<line number="35" hits="6" branch="false"/>
					</lines>
				</class>
				<class name="com.xley.lfosc.http.server.HttpServer" filename="com/xley/lfosc/http/server/HttpServer.java" line-rate="0.9523809523809523" branch-rate="0.8333333333333334" complexity="3.5">
					<methods>
						<method name="&lt;init&gt;" signature="(Lcom/xley/lfosc/impl/ProxyDaemon;Ljava/net/InetSocketAddress;Lio/netty/channel/EventLoopGroup;Lio/netty/channel/EventLoopGroup;)V" line-rate="1.0" branch-rate="1.0">
							<lines>
								<line number="42" hits="18" branch="false"/>
								<line number="43" hits="18" branch="false"/>
								<line number="44" hits="18" branch="false"/>
								<line number="45" hits="18" branch="false"/>
								<line number="46" hits="18" branch="false"/>
								<line number="47" hits="18" branch="false"/>
							</lines>
						</method>
						<method name="run" signature="()V" line-rate="0.9333333333333333" branch-rate="0.8333333333333334">
							<lines>
								<line number="50" hits="36" branch="true" condition-coverage="100% (2/2)">
									<conditions>
										<condition number="0" type="jump" coverage="100%"/>
									</conditions>
								</line>
								<line number="52" hits="18" branch="false"/>
								<line number="53" hits="18" branch="false"/>
								<line number="56" hits="18" branch="false"/>
								<line number="58" hits="18" branch="false"/>
								<line number="59" hits="2" branch="false"/>
								<line number="60" hits="10" branch="false"/>
								<line number="61" hits="10" branch="true" condition-coverage="50% (1/2)">
									<conditions>
										<condition number="0" type="jump" coverage="50%"/>
									</conditions>
								</line>
								<line number="62" hits="0" branch="false"/>
								<line number="64" hits="8" branch="false"/>
								<line number="65" hits="8" branch="true" condition-coverage="100% (2/2)">
									<conditions>
										<condition number="0" type="jump" coverage="100%"/>
									</conditions>
								</line>
								<line number="66" hits="7" branch="false"/>
								<line number="67" hits="7" branch="false"/>
								<line number="69" hits="18" branch="false"/>
								<line number="71" hits="18" branch="false"/>
							</lines>
						</method>
					</methods>
					<lines>
						<line number="42" hits="18" branch="false"/>
						<line number="43" hits="18" branch="false"/>
						<line number="44" hits="18" branch="false"/>
						<line number="45" hits="18" branch="false"/>
						<line number="46" hits="18" branch="false"/>
						<line number="47" hits="18" branch="false"/>
						<line number="50" hits="36" branch="true" condition-coverage="100% (2/2)">
							<conditions>
								<condition number="0" type="jump" coverage="100%"/>
							</conditions>
						</line>
						<line number="52" hits="18" branch="false"/>
						<line number="53" hits="18" branch="false"/>
						<line number="56" hits="18" branch="false"/>
						<line number="58" hits="18" branch="false"/>
						<line number="59" hits="2" branch="false"/>
						<line number="60" hits="10" branch="false"/>
						<line number="61" hits="10" branch="true" condition-coverage="50% (1/2)">
							<conditions>
								<condition number="0" type="jump" coverage="50%"/>
							</conditions>
						</line>
						<line number="62" hits="0" branch="false"/>
						<line number="64" hits="8" branch="false"/>
						<line number="65" hits="8" branch="true" condition-coverage="100% (2/2)">
							<conditions>
								<condition number="0" type="jump" coverage="100%"/>
							</conditions>
						</line>
						<line number="66" hits="7" branch="false"/>
						<line number="67" hits="7" branch="false"/>
						<line number="69" hits="18" branch="false"/>
						<line number="71" hits="18" branch="false"/>
					</lines>
				</class>
				<class name="com.xley.lfosc.http.server.HttpServerHandler" filename="com/xley/lfosc/http/server/HttpServerHandler.java" line-rate="0.49122807017543857" branch-rate="0.6" complexity="5.666666666666667">
					<methods>
						<method name="&lt;init&gt;" signature="()V" line-rate="1.0" branch-rate="1.0">
							<lines>
								<line number="48" hits="6" branch="false"/>
							</lines>
						</method>
						<method name="channelRead" signature="(Lio/netty/channel/ChannelHandlerContext;Ljava/lang/Object;)V" line-rate="0.6410256410256411" branch-rate="0.6">
							<lines>
								<line number="58" hits="12" branch="true" condition-coverage="100% (2/2)">
									<conditions>
										<condition number="0" type="jump" coverage="100%"/>
									</conditions>
								</line>
								<line number="59" hits="6" branch="false"/>
								<line number="61" hits="6" branch="true" condition-coverage="50% (1/2)">
									<conditions>
										<condition number="0" type="jump" coverage="50%"/>
									</conditions>
								</line>
								<line number="62" hits="0" branch="false"/>
								<line number="64" hits="6" branch="false"/>
								<line number="66" hits="6" branch="false"/>
								<line number="68" hits="6" branch="false"/>
								<line number="69" hits="6" branch="false"/>
								<line number="71" hits="6" branch="true" condition-coverage="100% (2/2)">
									<conditions>
										<condition number="0" type="jump" coverage="100%"/>
									</conditions>
								</line>
								<line number="72" hits="2" branch="false"/>
								<line number="74" hits="4" branch="false"/>
								<line number="75" hits="2" branch="false"/>
								<line number="76" hits="2" branch="false"/>
								<line number="77" hits="2" branch="true" condition-coverage="25% (1/4)">
									<conditions>
										<condition number="0" type="jump" coverage="50%"/>
										<condition number="1" type="jump" coverage="0%"/>
									</conditions>
								</line>
								<line number="79" hits="4" branch="false"/>
								<line number="82" hits="6" branch="false"/>
								<line number="83" hits="6" branch="false"/>
								<line number="84" hits="6" branch="true" condition-coverage="50% (1/2)">
									<conditions>
										<condition number="0" type="jump" coverage="50%"/>
									</conditions>
								</line>
								<line number="85" hits="0" branch="false"/>
								<line number="86" hits="0" branch="false"/>
								<line number="87" hits="0" branch="false"/>
								<line number="88" hits="0" branch="false"/>
								<line number="90" hits="0" branch="true" condition-coverage="0% (0/2)">
									<conditions>
										<condition number="0" type="jump" coverage="0%"/>
									</conditions>
								</line>
								<line number="91" hits="0" branch="false"/>
								<line number="93" hits="0" branch="false"/>
								<line number="97" hits="0" branch="false"/>
								<line number="98" hits="0" branch="false"/>
								<line number="99" hits="0" branch="false"/>
								<line number="100" hits="0" branch="false"/>
								<line number="104" hits="6" branch="true" condition-coverage="100% (2/2)">
									<conditions>
										<condition number="0" type="jump" coverage="100%"/>
									</conditions>
								</line>
								<line number="105" hits="4" branch="true" condition-coverage="100% (2/2)">
									<conditions>
										<condition number="0" type="jump" coverage="100%"/>
									</conditions>
								</line>
								<line number="107" hits="4" branch="false"/>
								<line number="108" hits="4" branch="false"/>
								<line number="110" hits="2" branch="false"/>
								<line number="113" hits="6" branch="true" condition-coverage="50% (1/2)">
									<conditions>
										<condition number="0" type="jump" coverage="50%"/>
									</conditions>
								</line>
								<line number="114" hits="6" branch="false"/>
								<line number="116" hits="0" branch="false"/>
								<line number="117" hits="0" branch="false"/>
								<line number="120" hits="12" branch="false"/>
							</lines>
						</method>
						<method name="channelReadComplete" signature="(Lio/netty/channel/ChannelHandlerContext;)V" line-rate="1.0" branch-rate="1.0">
							<lines>
								<line number="53" hits="6" branch="false"/>
								<line number="54" hits="6" branch="false"/>
							</lines>
						</method>
						<method name="exceptionCaught" signature="(Lio/netty/channel/ChannelHandlerContext;Ljava/lang/Throwable;)V" line-rate="0.0" branch-rate="1.0">
							<lines>
								<line number="124" hits="0" branch="false"/>
								<line number="127" hits="0" branch="false"/>
								<line number="128" hits="0" branch="false"/>
								<line number="130" hits="0" branch="false"/>
								<line number="132" hits="0" branch="false"/>
								<line number="133" hits="0" branch="false"/>
								<line number="135" hits="0" branch="false"/>
								<line number="137" hits="0" branch="false"/>
								<line number="138" hits="0" branch="false"/>
								<line number="139" hits="0" branch="false"/>
								<line number="140" hits="0" branch="false"/>
								<line number="141" hits="0" branch="false"/>
								<line number="142" hits="0" branch="false"/>
								<line number="143" hits="0" branch="false"/>
								<line number="145" hits="0" branch="false"/>
							</lines>
						</method>
					</methods>
					<lines>
						<line number="48" hits="6" branch="false"/>
						<line number="53" hits="6" branch="false"/>
						<line number="54" hits="6" branch="false"/>
						<line number="58" hits="12" branch="true" condition-coverage="100% (2/2)">
							<conditions>
								<condition number="0" type="jump" coverage="100%"/>
							</conditions>
						</line>
						<line number="59" hits="6" branch="false"/>
						<line number="61" hits="6" branch="true" condition-coverage="50% (1/2)">
							<conditions>
								<condition number="0" type="jump" coverage="50%"/>
							</conditions>
						</line>
						<line number="62" hits="0" branch="false"/>
						<line number="64" hits="6" branch="false"/>
						<line number="66" hits="6" branch="false"/>
						<line number="68" hits="6" branch="false"/>
						<line number="69" hits="6" branch="false"/>
						<line number="71" hits="6" branch="true" condition-coverage="100% (2/2)">
							<conditions>
								<condition number="0" type="jump" coverage="100%"/>
							</conditions>
						</line>
						<line number="72" hits="2" branch="false"/>
						<line number="74" hits="4" branch="false"/>
						<line number="75" hits="2" branch="false"/>
						<line number="76" hits="2" branch="false"/>
						<line number="77" hits="2" branch="true" condition-coverage="25% (1/4)">
							<conditions>
								<condition number="0" type="jump" coverage="50%"/>
								<condition number="1" type="jump" coverage="0%"/>
							</conditions>
						</line>
						<line number="79" hits="4" branch="false"/>
						<line number="82" hits="6" branch="false"/>
						<line number="83" hits="6" branch="false"/>
						<line number="84" hits="6" branch="true" condition-coverage="50% (1/2)">
							<conditions>
								<condition number="0" type="jump" coverage="50%"/>
							</conditions>
						</line>
						<line number="85" hits="0" branch="false"/>
						<line number="86" hits="0" branch="false"/>
						<line number="87" hits="0" branch="false"/>
						<line number="88" hits="0" branch="false"/>
						<line number="90" hits="0" branch="true" condition-coverage="0% (0/2)">
							<conditions>
								<condition number="0" type="jump" coverage="0%"/>
							</conditions>
						</line>
						<line number="91" hits="0" branch="false"/>
						<line number="93" hits="0" branch="false"/>
						<line number="97" hits="0" branch="false"/>
						<line number="98" hits="0" branch="false"/>
						<line number="99" hits="0" branch="false"/>
						<line number="100" hits="0" branch="false"/>
						<line number="104" hits="6" branch="true" condition-coverage="100% (2/2)">
							<conditions>
								<condition number="0" type="jump" coverage="100%"/>
							</conditions>
						</line>
						<line number="105" hits="4" branch="true" condition-coverage="100% (2/2)">
							<conditions>
								<condition number="0" type="jump" coverage="100%"/>
							</conditions>
						</line>
						<line number="107" hits="4" branch="false"/>
						<line number="108" hits="4" branch="false"/>
						<line number="110" hits="2" branch="false"/>
						<line number="113" hits="6" branch="true" condition-coverage="50% (1/2)">
							<conditions>
								<condition number="0" type="jump" coverage="50%"/>
							</conditions>
						</line>
						<line number="114" hits="6" branch="false"/>
						<line number="116" hits="0" branch="false"/>
						<line number="117" hits="0" branch="false"/>
						<line number="120" hits="12" branch="false"/>
						<line number="124" hits="0" branch="false"/>
						<line number="127" hits="0" branch="false"/>
						<line number="128" hits="0" branch="false"/>
						<line number="130" hits="0" branch="false"/>
						<line number="132" hits="0" branch="false"/>
						<line number="133" hits="0" branch="false"/>
						<line number="135" hits="0" branch="false"/>
						<line number="137" hits="0" branch="false"/>
						<line number="138" hits="0" branch="false"/>
						<line number="139" hits="0" branch="false"/>
						<line number="140" hits="0" branch="false"/>
						<line number="141" hits="0" branch="false"/>
						<line number="142" hits="0" branch="false"/>
						<line number="143" hits="0" branch="false"/>
						<line number="145" hits="0" branch="false"/>
					</lines>
				</class>
				<class name="com.xley.lfosc.http.server.IHttpConstants" filename="com/xley/lfosc/http/server/IHttpConstants.java" line-rate="1.0" branch-rate="1.0" complexity="0.0">
					<methods>
					</methods>
					<lines>
					</lines>
				</class>
			</classes>
		</package>
		<package name="com.xley.lfosc.impl" line-rate="0.8666666666666667" branch-rate="0.7608695652173914" complexity="3.3636363636363638">
			<classes>
				<class name="com.xley.lfosc.impl.BaseProtocol" filename="com/xley/lfosc/impl/BaseProtocol.java" line-rate="0.6842105263157895" branch-rate="0.8333333333333334" complexity="3.5">
					<methods>
						<method name="&lt;clinit&gt;" signature="()V" line-rate="1.0" branch-rate="1.0">
							<lines>
								<line number="37" hits="2" branch="false"/>
							</lines>
						</method>
						<method name="&lt;init&gt;" signature="()V" line-rate="1.0" branch-rate="1.0">
							<lines>
								<line number="33" hits="8" branch="false"/>
							</lines>
						</method>
						<method name="command" signature="(Ljava/lang/String;[Ljava/lang/String;)I" line-rate="0.0" branch-rate="1.0">
							<lines>
								<line number="70" hits="0" branch="false"/>
								<line number="71" hits="0" branch="false"/>
							</lines>
						</method>
						<method name="configureProtocolData" signature="(Lcom/xley/lfosc/IProtocolData;)Lcom/xley/lfosc/IProtocolData;" line-rate="0.7333333333333333" branch-rate="0.8333333333333334">
							<lines>
								<line number="43" hits="16" branch="false"/>
								<line number="45" hits="16" branch="false"/>
								<line number="46" hits="16" branch="true" condition-coverage="100% (2/2)">
									<conditions>
										<condition number="0" type="jump" coverage="100%"/>
									</conditions>
								</line>
								<line number="47" hits="4" branch="false"/>
								<line number="48" hits="4" branch="false"/>
								<line number="49" hits="4" branch="false"/>
								<line number="50" hits="4" branch="false"/>
								<line number="52" hits="16" branch="true" condition-coverage="100% (2/2)">
									<conditions>
										<condition number="0" type="jump" coverage="100%"/>
									</conditions>
								</line>
								<line number="53" hits="12" branch="false"/>
								<line number="54" hits="4" branch="true" condition-coverage="50% (1/2)">
									<conditions>
										<condition number="0" type="jump" coverage="50%"/>
									</conditions>
								</line>
								<line number="55" hits="0" branch="false"/>
								<line number="58" hits="16" branch="false"/>
								<line number="62" hits="0" branch="false"/>
								<line number="63" hits="0" branch="false"/>
								<line number="64" hits="0" branch="false"/>
							</lines>
						</method>
					</methods>
					<lines>
						<line number="33" hits="8" branch="false"/>
						<line number="37" hits="2" branch="false"/>
						<line number="43" hits="16" branch="false"/>
						<line number="45" hits="16" branch="false"/>
						<line number="46" hits="16" branch="true" condition-coverage="100% (2/2)">
							<conditions>
								<condition number="0" type="jump" coverage="100%"/>
							</conditions>
						</line>
						<line number="47" hits="4" branch="false"/>
						<line number="48" hits="4" branch="false"/>
						<line number="49" hits="4" branch="false"/>
						<line number="50" hits="4" branch="false"/>
						<line number="52" hits="16" branch="true" condition-coverage="100% (2/2)">
							<conditions>
								<condition number="0" type="jump" coverage="100%"/>
							</conditions>
						</line>
						<line number="53" hits="12" branch="false"/>
						<line number="54" hits="4" branch="true" condition-coverage="50% (1/2)">
							<conditions>
								<condition number="0" type="jump" coverage="50%"/>
							</conditions>
						</line>
						<line number="55" hits="0" branch="false"/>
						<line number="58" hits="16" branch="false"/>
						<line number="62" hits="0" branch="false"/>
						<line number="63" hits="0" branch="false"/>
						<line number="64" hits="0" branch="false"/>
						<line number="70" hits="0" branch="false"/>
						<line number="71" hits="0" branch="false"/>
					</lines>
				</class>
				<class name="com.xley.lfosc.impl.ProxyDaemon" filename="com/xley/lfosc/impl/ProxyDaemon.java" line-rate="0.8660714285714286" branch-rate="0.75" complexity="8.0">
					<methods>
						<method name="&lt;clinit&gt;" signature="()V" line-rate="1.0" branch-rate="1.0">
							<lines>
								<line number="47" hits="2" branch="false"/>
							</lines>
						</method>
						<method name="&lt;init&gt;" signature="(Ljoptsimple/OptionSet;)V" line-rate="1.0" branch-rate="1.0">
							<lines>
								<line number="53" hits="30" branch="false"/>
								<line number="54" hits="30" branch="false"/>
								<line number="55" hits="30" branch="false"/>
								<line number="57" hits="30" branch="false"/>
								<line number="59" hits="30" branch="false"/>
								<line number="66" hits="30" branch="false"/>
								<line number="73" hits="30" branch="false"/>
								<line number="74" hits="30" branch="false"/>
								<line number="75" hits="30" branch="false"/>
							</lines>
						</method>
						<method name="exitCode" signature="()I" line-rate="0.875" branch-rate="1.0">
							<lines>
								<line number="83" hits="30" branch="false"/>
								<line number="84" hits="60" branch="true" condition-coverage="100% (2/2)">
									<conditions>
										<condition number="0" type="jump" coverage="100%"/>
									</conditions>
								</line>
								<line number="86" hits="36" branch="false"/>
								<line number="87" hits="6" branch="false"/>
								<line number="88" hits="6" branch="false"/>
								<line number="89" hits="30" branch="false"/>
								<line number="91" hits="24" branch="false"/>
								<line number="92" hits="0" branch="false"/>
							</lines>
						</method>
						<method name="isShutdown" signature="()Z" line-rate="0.6666666666666666" branch-rate="1.0">
							<lines>
								<line number="96" hits="282" branch="false"/>
								<line number="97" hits="282" branch="false"/>
								<line number="98" hits="0" branch="false"/>
							</lines>
						</method>
						<method name="run" signature="()V" line-rate="0.8208955223880597" branch-rate="0.7666666666666667">
							<lines>
								<line number="155" hits="30" branch="false"/>
								<line number="157" hits="30" branch="false"/>
								<line number="158" hits="30" branch="false"/>
								<line number="159" hits="30" branch="false"/>
								<line number="160" hits="30" branch="false"/>
								<line number="161" hits="30" branch="false"/>
								<line number="162" hits="30" branch="false"/>
								<line number="163" hits="30" branch="false"/>
								<line number="164" hits="30" branch="false"/>
								<line number="166" hits="30" branch="true" condition-coverage="100% (2/2)">
									<conditions>
										<condition number="0" type="jump" coverage="100%"/>
									</conditions>
								</line>
								<line number="167" hits="60" branch="true" condition-coverage="77% (14/18)">
									<conditions>
										<condition number="0" type="jump" coverage="50%"/>
										<condition number="1" type="jump" coverage="50%"/>
										<condition number="2" type="jump" coverage="50%"/>
										<condition number="3" type="jump" coverage="50%"/>
										<condition number="0" type="switch" coverage="100%"/>
										<condition number="1" type="switch" coverage="100%"/>
									</conditions>
								</line>
								<line number="169" hits="12" branch="false"/>
								<line number="170" hits="12" branch="false"/>
								<line number="172" hits="18" branch="false"/>
								<line number="173" hits="18" branch="false"/>
								<line number="175" hits="18" branch="false"/>
								<line number="176" hits="18" branch="false"/>
								<line number="178" hits="10" branch="true" condition-coverage="25% (1/4)">
									<conditions>
										<condition number="0" type="jump" coverage="50%"/>
										<condition number="1" type="jump" coverage="0%"/>
									</conditions>
								</line>
								<line number="179" hits="0" branch="false"/>
								<line number="181" hits="10" branch="false"/>
								<line number="183" hits="10" branch="false"/>
								<line number="185" hits="2" branch="false"/>
								<line number="188" hits="60" branch="false"/>
								<line number="191" hits="30" branch="true" condition-coverage="87% (7/8)">
									<conditions>
										<condition number="0" type="jump" coverage="100%"/>
										<condition number="1" type="jump" coverage="100%"/>
										<condition number="2" type="jump" coverage="100%"/>
										<condition number="3" type="jump" coverage="50%"/>
									</conditions>
								</line>
								<line number="192" hits="2" branch="false"/>
								<line number="193" hits="2" branch="false"/>
								<line number="194" hits="2" branch="false"/>
								<line number="195" hits="2" branch="false"/>
								<line number="198" hits="28" branch="false"/>
								<line number="202" hits="28" branch="true" condition-coverage="100% (2/2)">
									<conditions>
										<condition number="0" type="jump" coverage="100%"/>
									</conditions>
								</line>
								<line number="203" hits="18" branch="false"/>
								<line number="204" hits="18" branch="false"/>
								<line number="206" hits="18" branch="false"/>
								<line number="210" hits="28" branch="true" condition-coverage="100% (2/2)">
									<conditions>
										<condition number="0" type="jump" coverage="100%"/>
									</conditions>
								</line>
								<line number="211" hits="18" branch="false"/>
								<line number="212" hits="18" branch="false"/>
								<line number="214" hits="18" branch="false"/>
								<line number="218" hits="28" branch="true" condition-coverage="100% (2/2)">
									<conditions>
										<condition number="0" type="jump" coverage="100%"/>
									</conditions>
								</line>
								<line number="219" hits="12" branch="false"/>
								<line number="220" hits="12" branch="false"/>
								<line number="221" hits="12" branch="false"/>
								<line number="225" hits="28" branch="true" condition-coverage="50% (1/2)">
									<conditions>
										<condition number="0" type="jump" coverage="50%"/>
									</conditions>
								</line>
								<line number="226" hits="0" branch="false"/>
								<line number="228" hits="0" branch="false"/>
								<line number="231" hits="28" branch="false"/>
								<line number="232" hits="50" branch="true" condition-coverage="100% (2/2)">
									<conditions>
										<condition number="0" type="jump" coverage="100%"/>
									</conditions>
								</line>
								<line number="234" hits="28" branch="false"/>
								<line number="235" hits="22" branch="false"/>
								<line number="236" hits="22" branch="false"/>
								<line number="237" hits="6" branch="false"/>
								<line number="238" hits="28" branch="true" condition-coverage="100% (2/2)">
									<conditions>
										<condition number="0" type="jump" coverage="100%"/>
									</conditions>
								</line>
								<line number="239" hits="6" branch="false"/>
								<line number="242" hits="28" branch="false"/>
								<line number="243" hits="0" branch="false"/>
								<line number="244" hits="0" branch="false"/>
								<line number="246" hits="0" branch="false"/>
								<line number="247" hits="0" branch="false"/>
								<line number="248" hits="0" branch="false"/>
								<line number="249" hits="0" branch="false"/>
								<line number="250" hits="0" branch="false"/>
								<line number="252" hits="28" branch="false"/>
								<line number="253" hits="29" branch="true" condition-coverage="68% (11/16)">
									<conditions>
										<condition number="0" type="jump" coverage="50%"/>
										<condition number="1" type="jump" coverage="0%"/>
										<condition number="2" type="jump" coverage="100%"/>
										<condition number="3" type="jump" coverage="50%"/>
										<condition number="4" type="jump" coverage="100%"/>
										<condition number="5" type="jump" coverage="100%"/>
										<condition number="6" type="jump" coverage="100%"/>
										<condition number="7" type="jump" coverage="50%"/>
									</conditions>
								</line>
								<line number="259" hits="1" branch="false"/>
								<line number="260" hits="0" branch="false"/>
								<line number="261" hits="0" branch="false"/>
								<line number="262" hits="1" branch="false"/>
								<line number="266" hits="28" branch="false"/>
							</lines>
						</method>
						<method name="shutdown" signature="()V" line-rate="0.9523809523809523" branch-rate="0.6666666666666666">
							<lines>
								<line number="115" hits="83" branch="false"/>
								<line number="116" hits="83" branch="true" condition-coverage="100% (2/2)">
									<conditions>
										<condition number="0" type="jump" coverage="100%"/>
									</conditions>
								</line>
								<line number="117" hits="53" branch="false"/>
								<line number="119" hits="30" branch="false"/>
								<line number="120" hits="30" branch="false"/>
								<line number="121" hits="30" branch="false"/>
								<line number="124" hits="30" branch="true" condition-coverage="75% (3/4)">
									<conditions>
										<condition number="0" type="jump" coverage="100%"/>
										<condition number="1" type="jump" coverage="50%"/>
									</conditions>
								</line>
								<line number="125" hits="18" branch="false"/>
								<line number="129" hits="30" branch="true" condition-coverage="75% (3/4)">
									<conditions>
										<condition number="0" type="jump" coverage="100%"/>
										<condition number="1" type="jump" coverage="50%"/>
									</conditions>
								</line>
								<line number="130" hits="12" branch="false"/>
								<line number="134" hits="30" branch="true" condition-coverage="75% (3/4)">
									<conditions>
										<condition number="0" type="jump" coverage="100%"/>
										<condition number="1" type="jump" coverage="50%"/>
									</conditions>
								</line>
								<line number="135" hits="18" branch="false"/>
								<line number="139" hits="30" branch="true" condition-coverage="25% (1/4)">
									<conditions>
										<condition number="0" type="jump" coverage="50%"/>
										<condition number="1" type="jump" coverage="0%"/>
									</conditions>
								</line>
								<line number="140" hits="0" branch="false"/>
								<line number="143" hits="30" branch="false"/>
								<line number="144" hits="30" branch="false"/>
								<line number="147" hits="30" branch="false"/>
								<line number="148" hits="30" branch="false"/>
								<line number="149" hits="30" branch="false"/>
								<line number="150" hits="30" branch="false"/>
								<line number="151" hits="30" branch="false"/>
							</lines>
						</method>
						<method name="shutdown" signature="(I)V" line-rate="1.0" branch-rate="1.0">
							<lines>
								<line number="107" hits="23" branch="false"/>
								<line number="108" hits="23" branch="false"/>
								<line number="109" hits="23" branch="false"/>
							</lines>
						</method>
					</methods>
					<lines>
						<line number="47" hits="2" branch="false"/>
						<line number="53" hits="30" branch="false"/>
						<line number="54" hits="30" branch="false"/>
						<line number="55" hits="30" branch="false"/>
						<line number="57" hits="30" branch="false"/>
						<line number="59" hits="30" branch="false"/>
						<line number="66" hits="30" branch="false"/>
						<line number="73" hits="30" branch="false"/>
						<line number="74" hits="30" branch="false"/>
						<line number="75" hits="30" branch="false"/>
						<line number="83" hits="30" branch="false"/>
						<line number="84" hits="60" branch="true" condition-coverage="100% (2/2)">
							<conditions>
								<condition number="0" type="jump" coverage="100%"/>
							</conditions>
						</line>
						<line number="86" hits="36" branch="false"/>
						<line number="87" hits="6" branch="false"/>
						<line number="88" hits="6" branch="false"/>
						<line number="89" hits="30" branch="false"/>
						<line number="91" hits="24" branch="false"/>
						<line number="92" hits="0" branch="false"/>
						<line number="96" hits="282" branch="false"/>
						<line number="97" hits="282" branch="false"/>
						<line number="98" hits="0" branch="false"/>
						<line number="107" hits="23" branch="false"/>
						<line number="108" hits="23" branch="false"/>
						<line number="109" hits="23" branch="false"/>
						<line number="115" hits="83" branch="false"/>
						<line number="116" hits="83" branch="true" condition-coverage="100% (2/2)">
							<conditions>
								<condition number="0" type="jump" coverage="100%"/>
							</conditions>
						</line>
						<line number="117" hits="53" branch="false"/>
						<line number="119" hits="30" branch="false"/>
						<line number="120" hits="30" branch="false"/>
						<line number="121" hits="30" branch="false"/>
						<line number="124" hits="30" branch="true" condition-coverage="75% (3/4)">
							<conditions>
								<condition number="0" type="jump" coverage="100%"/>
								<condition number="1" type="jump" coverage="50%"/>
							</conditions>
						</line>
						<line number="125" hits="18" branch="false"/>
						<line number="129" hits="30" branch="true" condition-coverage="75% (3/4)">
							<conditions>
								<condition number="0" type="jump" coverage="100%"/>
								<condition number="1" type="jump" coverage="50%"/>
							</conditions>
						</line>
						<line number="130" hits="12" branch="false"/>
						<line number="134" hits="30" branch="true" condition-coverage="75% (3/4)">
							<conditions>
								<condition number="0" type="jump" coverage="100%"/>
								<condition number="1" type="jump" coverage="50%"/>
							</conditions>
						</line>
						<line number="135" hits="18" branch="false"/>
						<line number="139" hits="30" branch="true" condition-coverage="25% (1/4)">
							<conditions>
								<condition number="0" type="jump" coverage="50%"/>
								<condition number="1" type="jump" coverage="0%"/>
							</conditions>
						</line>
						<line number="140" hits="0" branch="false"/>
						<line number="143" hits="30" branch="false"/>
						<line number="144" hits="30" branch="false"/>
						<line number="147" hits="30" branch="false"/>
						<line number="148" hits="30" branch="false"/>
						<line number="149" hits="30" branch="false"/>
						<line number="150" hits="30" branch="false"/>
						<line number="151" hits="30" branch="false"/>
						<line number="155" hits="30" branch="false"/>
						<line number="157" hits="30" branch="false"/>
						<line number="158" hits="30" branch="false"/>
						<line number="159" hits="30" branch="false"/>
						<line number="160" hits="30" branch="false"/>
						<line number="161" hits="30" branch="false"/>
						<line number="162" hits="30" branch="false"/>
						<line number="163" hits="30" branch="false"/>
						<line number="164" hits="30" branch="false"/>
						<line number="166" hits="30" branch="true" condition-coverage="100% (2/2)">
							<conditions>
								<condition number="0" type="jump" coverage="100%"/>
							</conditions>
						</line>
						<line number="167" hits="60" branch="true" condition-coverage="77% (14/18)">
							<conditions>
								<condition number="0" type="jump" coverage="50%"/>
								<condition number="1" type="jump" coverage="50%"/>
								<condition number="2" type="jump" coverage="50%"/>
								<condition number="3" type="jump" coverage="50%"/>
								<condition number="0" type="switch" coverage="100%"/>
								<condition number="1" type="switch" coverage="100%"/>
							</conditions>
						</line>
						<line number="169" hits="12" branch="false"/>
						<line number="170" hits="12" branch="false"/>
						<line number="172" hits="18" branch="false"/>
						<line number="173" hits="18" branch="false"/>
						<line number="175" hits="18" branch="false"/>
						<line number="176" hits="18" branch="false"/>
						<line number="178" hits="10" branch="true" condition-coverage="25% (1/4)">
							<conditions>
								<condition number="0" type="jump" coverage="50%"/>
								<condition number="1" type="jump" coverage="0%"/>
							</conditions>
						</line>
						<line number="179" hits="0" branch="false"/>
						<line number="181" hits="10" branch="false"/>
						<line number="183" hits="10" branch="false"/>
						<line number="185" hits="2" branch="false"/>
						<line number="188" hits="60" branch="false"/>
						<line number="191" hits="30" branch="true" condition-coverage="87% (7/8)">
							<conditions>
								<condition number="0" type="jump" coverage="100%"/>
								<condition number="1" type="jump" coverage="100%"/>
								<condition number="2" type="jump" coverage="100%"/>
								<condition number="3" type="jump" coverage="50%"/>
							</conditions>
						</line>
						<line number="192" hits="2" branch="false"/>
						<line number="193" hits="2" branch="false"/>
						<line number="194" hits="2" branch="false"/>
						<line number="195" hits="2" branch="false"/>
						<line number="198" hits="28" branch="false"/>
						<line number="202" hits="28" branch="true" condition-coverage="100% (2/2)">
							<conditions>
								<condition number="0" type="jump" coverage="100%"/>
							</conditions>
						</line>
						<line number="203" hits="18" branch="false"/>
						<line number="204" hits="18" branch="false"/>
						<line number="206" hits="18" branch="false"/>
						<line number="210" hits="28" branch="true" condition-coverage="100% (2/2)">
							<conditions>
								<condition number="0" type="jump" coverage="100%"/>
							</conditions>
						</line>
						<line number="211" hits="18" branch="false"/>
						<line number="212" hits="18" branch="false"/>
						<line number="214" hits="18" branch="false"/>
						<line number="218" hits="28" branch="true" condition-coverage="100% (2/2)">
							<conditions>
								<condition number="0" type="jump" coverage="100%"/>
							</conditions>
						</line>
						<line number="219" hits="12" branch="false"/>
						<line number="220" hits="12" branch="false"/>
						<line number="221" hits="12" branch="false"/>
						<line number="225" hits="28" branch="true" condition-coverage="50% (1/2)">
							<conditions>
								<condition number="0" type="jump" coverage="50%"/>
							</conditions>
						</line>
						<line number="226" hits="0" branch="false"/>
						<line number="228" hits="0" branch="false"/>
						<line number="231" hits="28" branch="false"/>
						<line number="232" hits="50" branch="true" condition-coverage="100% (2/2)">
							<conditions>
								<condition number="0" type="jump" coverage="100%"/>
							</conditions>
						</line>
						<line number="234" hits="28" branch="false"/>
						<line number="235" hits="22" branch="false"/>
						<line number="236" hits="22" branch="false"/>
						<line number="237" hits="6" branch="false"/>
						<line number="238" hits="28" branch="true" condition-coverage="100% (2/2)">
							<conditions>
								<condition number="0" type="jump" coverage="100%"/>
							</conditions>
						</line>
						<line number="239" hits="6" branch="false"/>
						<line number="242" hits="28" branch="false"/>
						<line number="243" hits="0" branch="false"/>
						<line number="244" hits="0" branch="false"/>
						<line number="246" hits="0" branch="false"/>
						<line number="247" hits="0" branch="false"/>
						<line number="248" hits="0" branch="false"/>
						<line number="249" hits="0" branch="false"/>
						<line number="250" hits="0" branch="false"/>
						<line number="252" hits="28" branch="false"/>
						<line number="253" hits="29" branch="true" condition-coverage="68% (11/16)">
							<conditions>
								<condition number="0" type="jump" coverage="50%"/>
								<condition number="1" type="jump" coverage="0%"/>
								<condition number="2" type="jump" coverage="100%"/>
								<condition number="3" type="jump" coverage="50%"/>
								<condition number="4" type="jump" coverage="100%"/>
								<condition number="5" type="jump" coverage="100%"/>
								<condition number="6" type="jump" coverage="100%"/>
								<condition number="7" type="jump" coverage="50%"/>
							</conditions>
						</line>
						<line number="259" hits="1" branch="false"/>
						<line number="260" hits="0" branch="false"/>
						<line number="261" hits="0" branch="false"/>
						<line number="262" hits="1" branch="false"/>
						<line number="266" hits="28" branch="false"/>
					</lines>
				</class>
				<class name="com.xley.lfosc.impl.ResultData" filename="com/xley/lfosc/impl/ResultData.java" line-rate="1.0" branch-rate="1.0" complexity="1.0">
					<methods>
						<method name="&lt;init&gt;" signature="()V" line-rate="1.0" branch-rate="1.0">
							<lines>
								<line number="24" hits="34" branch="false"/>
							</lines>
						</method>
						<method name="getData" signature="()Ljava/lang/Object;" line-rate="1.0" branch-rate="1.0">
							<lines>
								<line number="38" hits="32" branch="false"/>
							</lines>
						</method>
						<method name="getStatus" signature="()Ljava/lang/Object;" line-rate="1.0" branch-rate="1.0">
							<lines>
								<line number="30" hits="16" branch="false"/>
							</lines>
						</method>
						<method name="setData" signature="(Ljava/lang/Object;)V" line-rate="1.0" branch-rate="1.0">
							<lines>
								<line number="42" hits="110" branch="false"/>
								<line number="43" hits="110" branch="false"/>
							</lines>
						</method>
						<method name="setStatus" signature="(Ljava/lang/Object;)V" line-rate="1.0" branch-rate="1.0">
							<lines>
								<line number="34" hits="6" branch="false"/>
								<line number="35" hits="6" branch="false"/>
							</lines>
						</method>
					</methods>
					<lines>
						<line number="24" hits="34" branch="false"/>
						<line number="30" hits="16" branch="false"/>
						<line number="34" hits="6" branch="false"/>
						<line number="35" hits="6" branch="false"/>
						<line number="38" hits="32" branch="false"/>
						<line number="42" hits="110" branch="false"/>
						<line number="43" hits="110" branch="false"/>
					</lines>
				</class>
				<class name="com.xley.lfosc.impl.SimpleProtocolData" filename="com/xley/lfosc/impl/SimpleProtocolData.java" line-rate="0.9629629629629629" branch-rate="0.8333333333333334" complexity="1.5">
					<methods>
						<method name="&lt;init&gt;" signature="()V" line-rate="1.0" branch-rate="1.0">
							<lines>
								<line number="36" hits="4" branch="false"/>
								<line number="37" hits="4" branch="false"/>
							</lines>
						</method>
						<method name="&lt;init&gt;" signature="(Ljava/lang/String;Ljava/lang/String;Ljava/lang/String;Ljava/util/List;)V" line-rate="1.0" branch-rate="1.0">
							<lines>
								<line number="41" hits="30" branch="false"/>
								<line number="42" hits="30" branch="false"/>
								<line number="43" hits="30" branch="false"/>
								<line number="44" hits="30" branch="false"/>
								<line number="45" hits="30" branch="false"/>
								<line number="46" hits="30" branch="false"/>
							</lines>
						</method>
						<method name="configureProtocolData" signature="()Lcom/xley/lfosc/IProtocolData;" line-rate="1.0" branch-rate="1.0">
							<lines>
[...]
								<line number="51" hits="0" branch="false"/>
							</lines>
						</method>
						<method name="channelRead0" signature="(Lio/netty/channel/ChannelHandlerContext;Ljava/lang/Object;)V" line-rate="0.0" branch-rate="1.0">
							<lines>
								<line number="31" hits="0" branch="false"/>
							</lines>
						</method>
						<method name="exceptionCaught" signature="(Lio/netty/channel/ChannelHandlerContext;Ljava/lang/Throwable;)V" line-rate="0.0" branch-rate="1.0">
							<lines>
								<line number="40" hits="0" branch="false"/>
								<line number="41" hits="0" branch="false"/>
								<line number="42" hits="0" branch="false"/>
							</lines>
						</method>
					</methods>
					<lines>
						<line number="31" hits="0" branch="false"/>
						<line number="34" hits="10" branch="false"/>
						<line number="35" hits="10" branch="false"/>
						<line number="36" hits="10" branch="false"/>
						<line number="40" hits="0" branch="false"/>
						<line number="41" hits="0" branch="false"/>
						<line number="42" hits="0" branch="false"/>
						<line number="46" hits="0" branch="false"/>
						<line number="48" hits="0" branch="false"/>
						<line number="49" hits="0" branch="false"/>
						<line number="50" hits="0" branch="false"/>
						<line number="51" hits="0" branch="false"/>
					</lines>
				</class>
			</classes>
		</package>
		<package name="com.xley.lfosc.osc.server" line-rate="0.7857142857142857" branch-rate="0.42857142857142855" complexity="2.6666666666666665">
			<classes>
				<class name="com.xley.lfosc.osc.server.OSCServer" filename="com/xley/lfosc/osc/server/OSCServer.java" line-rate="0.9473684210526315" branch-rate="0.6666666666666666" complexity="3.5">
					<methods>
						<method name="&lt;init&gt;" signature="(Lcom/xley/lfosc/impl/ProxyDaemon;Ljava/net/InetSocketAddress;Lio/netty/channel/EventLoopGroup;)V" line-rate="1.0" branch-rate="1.0">
							<lines>
								<line number="40" hits="12" branch="false"/>
								<line number="41" hits="12" branch="false"/>
								<line number="42" hits="12" branch="false"/>
								<line number="43" hits="12" branch="false"/>
								<line number="44" hits="12" branch="false"/>
								<line number="45" hits="12" branch="false"/>
							</lines>
						</method>
						<method name="run" signature="()V" line-rate="0.9230769230769231" branch-rate="0.6666666666666666">
							<lines>
								<line number="49" hits="24" branch="true" condition-coverage="100% (2/2)">
									<conditions>
										<condition number="0" type="jump" coverage="100%"/>
									</conditions>
								</line>
								<line number="51" hits="12" branch="false"/>
								<line number="55" hits="12" branch="false"/>
								<line number="56" hits="12" branch="false"/>
								<line number="57" hits="2" branch="false"/>
								<line number="58" hits="2" branch="true" condition-coverage="50% (1/2)">
									<conditions>
										<condition number="0" type="jump" coverage="50%"/>
									</conditions>
								</line>
								<line number="59" hits="0" branch="false"/>
								<line number="61" hits="10" branch="false"/>
								<line number="62" hits="10" branch="true" condition-coverage="50% (1/2)">
									<conditions>
										<condition number="0" type="jump" coverage="50%"/>
									</conditions>
								</line>
								<line number="63" hits="10" branch="false"/>
								<line number="64" hits="10" branch="false"/>
								<line number="66" hits="12" branch="false"/>
								<line number="68" hits="12" branch="false"/>
							</lines>
						</method>
					</methods>
					<lines>
						<line number="40" hits="12" branch="false"/>
						<line number="41" hits="12" branch="false"/>
						<line number="42" hits="12" branch="false"/>
						<line number="43" hits="12" branch="false"/>
						<line number="44" hits="12" branch="false"/>
						<line number="45" hits="12" branch="false"/>
						<line number="49" hits="24" branch="true" condition-coverage="100% (2/2)">
							<conditions>
								<condition number="0" type="jump" coverage="100%"/>
							</conditions>
						</line>
						<line number="51" hits="12" branch="false"/>
						<line number="55" hits="12" branch="false"/>
						<line number="56" hits="12" branch="false"/>
						<line number="57" hits="2" branch="false"/>
						<line number="58" hits="2" branch="true" condition-coverage="50% (1/2)">
							<conditions>
								<condition number="0" type="jump" coverage="50%"/>
							</conditions>
						</line>
						<line number="59" hits="0" branch="false"/>
						<line number="61" hits="10" branch="false"/>
						<line number="62" hits="10" branch="true" condition-coverage="50% (1/2)">
							<conditions>
								<condition number="0" type="jump" coverage="50%"/>
							</conditions>
						</line>
						<line number="63" hits="10" branch="false"/>
						<line number="64" hits="10" branch="false"/>
						<line number="66" hits="12" branch="false"/>
						<line number="68" hits="12" branch="false"/>
					</lines>
				</class>
				<class name="com.xley.lfosc.osc.server.OSCServerHandler" filename="com/xley/lfosc/osc/server/OSCServerHandler.java" line-rate="0.6521739130434783" branch-rate="0.25" complexity="2.25">
					<methods>
						<method name="&lt;init&gt;" signature="()V" line-rate="1.0" branch-rate="1.0">
							<lines>
								<line number="39" hits="12" branch="false"/>
							</lines>
						</method>
						<method name="channelRead0" signature="(Lio/netty/channel/ChannelHandlerContext;Lio/netty/channel/socket/DatagramPacket;)V" line-rate="1.0" branch-rate="1.0">
							<lines>
								<line number="44" hits="4" branch="false"/>
								<line number="45" hits="4" branch="false"/>
								<line number="46" hits="4" branch="false"/>
								<line number="48" hits="4" branch="false"/>
								<line number="49" hits="4" branch="false"/>
								<line number="50" hits="4" branch="false"/>
							</lines>
						</method>
						<method name="channelRead0" signature="(Lio/netty/channel/ChannelHandlerContext;Ljava/lang/Object;)V" line-rate="1.0" branch-rate="1.0">
							<lines>
								<line number="38" hits="16" branch="false"/>
							</lines>
						</method>
						<method name="channelReadComplete" signature="(Lio/netty/channel/ChannelHandlerContext;)V" line-rate="1.0" branch-rate="1.0">
							<lines>
								<line number="75" hits="4" branch="false"/>
								<line number="76" hits="4" branch="false"/>
							</lines>
						</method>
						<method name="exceptionCaught" signature="(Lio/netty/channel/ChannelHandlerContext;Ljava/lang/Throwable;)V" line-rate="0.0" branch-rate="0.0">
							<lines>
								<line number="80" hits="0" branch="true" condition-coverage="0% (0/2)">
									<conditions>
										<condition number="0" type="jump" coverage="0%"/>
									</conditions>
								</line>
								<line number="81" hits="0" branch="false"/>
								<line number="83" hits="0" branch="false"/>
								<line number="85" hits="0" branch="false"/>
							</lines>
						</method>
						<method name="processPacket" signature="(Lio/netty/channel/ChannelHandlerContext;Lcom/illposed/osc/OSCPacket;)V" line-rate="0.5555555555555556" branch-rate="0.3333333333333333">
							<lines>
								<line number="59" hits="4" branch="true" condition-coverage="50% (1/2)">
									<conditions>
										<condition number="0" type="jump" coverage="50%"/>
									</conditions>
								</line>
								<line number="60" hits="0" branch="true" condition-coverage="0% (0/2)">
									<conditions>
										<condition number="0" type="jump" coverage="0%"/>
									</conditions>
								</line>
								<line number="61" hits="0" branch="false"/>
								<line number="62" hits="0" branch="false"/>
								<line number="64" hits="4" branch="false"/>
								<line number="65" hits="4" branch="true" condition-coverage="50% (1/2)">
									<conditions>
										<condition number="0" type="jump" coverage="50%"/>
									</conditions>
								</line>
								<line number="66" hits="0" branch="false"/>
								<line number="68" hits="4" branch="false"/>
								<line number="70" hits="4" branch="false"/>
							</lines>
						</method>
					</methods>
					<lines>
						<line number="38" hits="16" branch="false"/>
						<line number="39" hits="12" branch="false"/>
						<line number="44" hits="4" branch="false"/>
						<line number="45" hits="4" branch="false"/>
						<line number="46" hits="4" branch="false"/>
						<line number="48" hits="4" branch="false"/>
						<line number="49" hits="4" branch="false"/>
						<line number="50" hits="4" branch="false"/>
						<line number="59" hits="4" branch="true" condition-coverage="50% (1/2)">
							<conditions>
								<condition number="0" type="jump" coverage="50%"/>
							</conditions>
						</line>
						<line number="60" hits="0" branch="true" condition-coverage="0% (0/2)">
							<conditions>
								<condition number="0" type="jump" coverage="0%"/>
							</conditions>
						</line>
						<line number="61" hits="0" branch="false"/>
						<line number="62" hits="0" branch="false"/>
						<line number="64" hits="4" branch="false"/>
						<line number="65" hits="4" branch="true" condition-coverage="50% (1/2)">
							<conditions>
								<condition number="0" type="jump" coverage="50%"/>
							</conditions>
						</line>
						<line number="66" hits="0" branch="false"/>
						<line number="68" hits="4" branch="false"/>
						<line number="70" hits="4" branch="false"/>
						<line number="75" hits="4" branch="false"/>
						<line number="76" hits="4" branch="false"/>
						<line number="80" hits="0" branch="true" condition-coverage="0% (0/2)">
							<conditions>
								<condition number="0" type="jump" coverage="0%"/>
							</conditions>
						</line>
						<line number="81" hits="0" branch="false"/>
						<line number="83" hits="0" branch="false"/>
						<line number="85" hits="0" branch="false"/>
					</lines>
				</class>
			</classes>
		</package>
		<package name="com.xley.lfosc.util" line-rate="0.6078431372549019" branch-rate="0.8333333333333334" complexity="1.1428571428571428">
			<classes>
				<class name="com.xley.lfosc.util.LogUtil" filename="com/xley/lfosc/util/LogUtil.java" line-rate="0.6078431372549019" branch-rate="0.8333333333333334" complexity="1.1428571428571428">
					<methods>
						<method name="&lt;clinit&gt;" signature="()V" line-rate="1.0" branch-rate="1.0">
							<lines>
								<line number="37" hits="2" branch="false"/>
								<line number="38" hits="2" branch="false"/>
							</lines>
						</method>
						<method name="&lt;init&gt;" signature="()V" line-rate="0.0" branch-rate="1.0">
							<lines>
								<line number="31" hits="0" branch="false"/>
							</lines>
						</method>
						<method name="console" signature="(Ljava/lang/Object;)V" line-rate="0.0" branch-rate="1.0">
							<lines>
								<line number="45" hits="0" branch="false"/>
								<line number="46" hits="0" branch="false"/>
							</lines>
						</method>
						<method name="console_error" signature="(Ljava/lang/Object;)V" line-rate="0.0" branch-rate="1.0">
							<lines>
								<line number="41" hits="0" branch="false"/>
								<line number="42" hits="0" branch="false"/>
							</lines>
						</method>
						<method name="debug" signature="(Ljava/lang/Class;Ljava/lang/Object;)V" line-rate="1.0" branch-rate="1.0">
							<lines>
								<line number="85" hits="40" branch="false"/>
								<line number="86" hits="40" branch="false"/>
							</lines>
						</method>
						<method name="debug" signature="(Ljava/lang/Object;)V" line-rate="0.0" branch-rate="1.0">
							<lines>
								<line number="53" hits="0" branch="false"/>
								<line number="54" hits="0" branch="false"/>
							</lines>
						</method>
						<method name="error" signature="(Ljava/lang/Class;Ljava/lang/Object;Ljava/lang/Throwable;)V" line-rate="0.0" branch-rate="1.0">
							<lines>
								<line number="101" hits="0" branch="false"/>
								<line number="102" hits="0" branch="false"/>
							</lines>
						</method>
						<method name="error" signature="(Ljava/lang/Class;Ljava/lang/String;)V" line-rate="1.0" branch-rate="1.0">
							<lines>
								<line number="97" hits="2" branch="false"/>
								<line number="98" hits="2" branch="false"/>
							</lines>
						</method>
						<method name="error" signature="(Ljava/lang/Object;)V" line-rate="1.0" branch-rate="1.0">
							<lines>
								<line number="65" hits="4" branch="false"/>
								<line number="66" hits="4" branch="false"/>
							</lines>
						</method>
						<method name="error" signature="(Ljava/lang/Object;Ljava/lang/Throwable;)V" line-rate="1.0" branch-rate="1.0">
							<lines>
								<line number="69" hits="25" branch="false"/>
								<line number="70" hits="25" branch="false"/>
							</lines>
						</method>
						<method name="fatal" signature="(Ljava/lang/Class;Ljava/lang/Object;Ljava/lang/Throwable;)V" line-rate="0.0" branch-rate="1.0">
							<lines>
								<line number="109" hits="0" branch="false"/>
								<line number="110" hits="0" branch="false"/>
							</lines>
						</method>
						<method name="fatal" signature="(Ljava/lang/Class;Ljava/lang/String;)V" line-rate="0.0" branch-rate="1.0">
							<lines>
								<line number="105" hits="0" branch="false"/>
								<line number="106" hits="0" branch="false"/>
							</lines>
						</method>
						<method name="fatal" signature="(Ljava/lang/Object;)V" line-rate="0.0" branch-rate="1.0">
							<lines>
								<line number="73" hits="0" branch="false"/>
								<line number="74" hits="0" branch="false"/>
							</lines>
						</method>
						<method name="fatal" signature="(Ljava/lang/Object;Ljava/lang/Throwable;)V" line-rate="0.0" branch-rate="1.0">
							<lines>
								<line number="77" hits="0" branch="false"/>
								<line number="78" hits="0" branch="false"/>
							</lines>
						</method>
						<method name="getLevel" signature="()Lorg/apache/log4j/Level;" line-rate="0.0" branch-rate="1.0">
							<lines>
								<line number="122" hits="0" branch="false"/>
							</lines>
						</method>
						<method name="getLogger" signature="(Ljava/lang/Class;)Lorg/apache/log4j/Logger;" line-rate="1.0" branch-rate="0.75">
							<lines>
								<line number="113" hits="417" branch="false"/>
								<line number="114" hits="417" branch="true" condition-coverage="75% (3/4)">
									<conditions>
										<condition number="0" type="jump" coverage="50%"/>
										<condition number="1" type="jump" coverage="100%"/>
									</conditions>
								</line>
								<line number="115" hits="16" branch="false"/>
								<line number="117" hits="417" branch="false"/>
								<line number="118" hits="417" branch="false"/>
							</lines>
						</method>
						<method name="info" signature="(Ljava/lang/Class;Ljava/lang/Object;)V" line-rate="1.0" branch-rate="1.0">
							<lines>
								<line number="89" hits="30" branch="false"/>
								<line number="90" hits="30" branch="false"/>
							</lines>
						</method>
						<method name="info" signature="(Ljava/lang/Object;)V" line-rate="1.0" branch-rate="1.0">
							<lines>
								<line number="57" hits="80" branch="false"/>
								<line number="58" hits="80" branch="false"/>
							</lines>
						</method>
						<method name="setLevel" signature="(Lorg/apache/log4j/Level;)V" line-rate="1.0" branch-rate="1.0">
							<lines>
								<line number="126" hits="32" branch="false"/>
								<line number="127" hits="32" branch="false"/>
								<line number="128" hits="32" branch="true" condition-coverage="100% (2/2)">
									<conditions>
										<condition number="0" type="jump" coverage="100%"/>
									</conditions>
								</line>
								<line number="129" hits="224" branch="false"/>
								<line number="130" hits="224" branch="false"/>
								<line number="131" hits="32" branch="false"/>
							</lines>
						</method>
						<method name="trace" signature="(Ljava/lang/Class;Ljava/lang/Object;)V" line-rate="1.0" branch-rate="1.0">
							<lines>
								<line number="81" hits="220" branch="false"/>
								<line number="82" hits="220" branch="false"/>
							</lines>
						</method>
						<method name="trace" signature="(Ljava/lang/Object;)V" line-rate="1.0" branch-rate="1.0">
							<lines>
								<line number="49" hits="4" branch="false"/>
								<line number="50" hits="4" branch="false"/>
							</lines>
						</method>
						<method name="warn" signature="(Ljava/lang/Class;Ljava/lang/Object;)V" line-rate="1.0" branch-rate="1.0">
							<lines>
								<line number="93" hits="12" branch="false"/>
								<line number="94" hits="12" branch="false"/>
							</lines>
						</method>
						<method name="warn" signature="(Ljava/lang/Object;)V" line-rate="0.0" branch-rate="1.0">
							<lines>
								<line number="61" hits="0" branch="false"/>
								<line number="62" hits="0" branch="false"/>
							</lines>
						</method>
					</methods>
					<lines>
						<line number="31" hits="0" branch="false"/>
						<line number="37" hits="2" branch="false"/>
						<line number="38" hits="2" branch="false"/>
						<line number="41" hits="0" branch="false"/>
						<line number="42" hits="0" branch="false"/>
						<line number="45" hits="0" branch="false"/>
						<line number="46" hits="0" branch="false"/>
						<line number="49" hits="4" branch="false"/>
						<line number="50" hits="4" branch="false"/>
						<line number="53" hits="0" branch="false"/>
						<line number="54" hits="0" branch="false"/>
						<line number="57" hits="80" branch="false"/>
						<line number="58" hits="80" branch="false"/>
						<line number="61" hits="0" branch="false"/>
						<line number="62" hits="0" branch="false"/>
						<line number="65" hits="4" branch="false"/>
						<line number="66" hits="4" branch="false"/>
						<line number="69" hits="25" branch="false"/>
						<line number="70" hits="25" branch="false"/>
						<line number="73" hits="0" branch="false"/>
						<line number="74" hits="0" branch="false"/>
						<line number="77" hits="0" branch="false"/>
						<line number="78" hits="0" branch="false"/>
						<line number="81" hits="220" branch="false"/>
						<line number="82" hits="220" branch="false"/>
						<line number="85" hits="40" branch="false"/>
						<line number="86" hits="40" branch="false"/>
						<line number="89" hits="30" branch="false"/>
						<line number="90" hits="30" branch="false"/>
						<line number="93" hits="12" branch="false"/>
						<line number="94" hits="12" branch="false"/>
						<line number="97" hits="2" branch="false"/>
						<line number="98" hits="2" branch="false"/>
						<line number="101" hits="0" branch="false"/>
						<line number="102" hits="0" branch="false"/>
						<line number="105" hits="0" branch="false"/>
						<line number="106" hits="0" branch="false"/>
						<line number="109" hits="0" branch="false"/>
						<line number="110" hits="0" branch="false"/>
						<line number="113" hits="417" branch="false"/>
						<line number="114" hits="417" branch="true" condition-coverage="75% (3/4)">
							<conditions>
								<condition number="0" type="jump" coverage="50%"/>
								<condition number="1" type="jump" coverage="100%"/>
							</conditions>
						</line>
						<line number="115" hits="16" branch="false"/>
						<line number="117" hits="417" branch="false"/>
						<line number="118" hits="417" branch="false"/>
						<line number="122" hits="0" branch="false"/>
						<line number="126" hits="32" branch="false"/>
						<line number="127" hits="32" branch="false"/>
						<line number="128" hits="32" branch="true" condition-coverage="100% (2/2)">
							<conditions>
								<condition number="0" type="jump" coverage="100%"/>
							</conditions>
						</line>
						<line number="129" hits="224" branch="false"/>
						<line number="130" hits="224" branch="false"/>
						<line number="131" hits="32" branch="false"/>
					</lines>
				</class>
			</classes>
		</package>
	</packages>
</coverage>
